Updating git://github.com/sishen/exception_notification.git
Updating git://github.com/szajbus/timeline_fu.git
Updating git://github.com/torial/streamio-ffmpeg.git
Fetching gem metadata from https://rubygems.org/......
Fetching gem metadata from https://rubygems.org/..
Resolving dependencies...

Outdated gems included in the bundle:
  * acts_as_list (0.2.0 > 0.1.8)
  * addressable (2.3.3 > 2.2.8)
  * better_errors (0.7.2 > 0.3.2)
  * binding_of_caller (0.7.1 > 0.6.8)
  * browser (0.1.6 > 0.1.5)
  * builder (3.2.0 > 3.0.4)
  * cancan (1.6.9 > 1.6.7)
  * capistrano (2.14.2 > 2.13.5)
  * capybara (2.0.2 > 1.1.4)
  * capybara-email (2.0.2 > 1.0.2)
  * capybara-screenshot (0.3.4 > 0.3)
  * celluloid (0.12.4 > 0.12.0)
  * childprocess (0.3.9 > 0.3.6)
  * chronic (0.9.1 > 0.8.0)
  * chunky_png (1.2.7 > 1.2.5)
  * cocaine (0.5.1 > 0.4.2)
  * coderay (1.0.9 > 1.0.8)
  * coffee-script-source (1.6.1 > 1.3.3)
  * connection_pool (1.0.0 > 0.9.2)
  * daemon_controller (1.1.2 > 1.0.0)
  * daemons (1.1.9 > 1.1.8)
  * database_cleaner (0.9.1 > 0.8.0)
  * devise (2.2.3 > 2.0.4)
  * diff-lcs (1.2.1 > 1.1.3)
  * eventmachine (1.0.3 > 1.0.0)
  * exception_notification (3.0.1 > 3.0.0 9d436c0)
  * factory_girl (4.2.0 > 3.4.0)
  * factory_girl_rails (4.2.1 > 3.4.0)
  * faraday (0.8.6 > 0.8.4)
  * faye-websocket (0.4.7 > 0.4.6)
  * ffi (1.4.0 > 1.2.0)
  * fssm (0.2.10 > 0.2.9)
  * gorillib (0.5.0 > 0.1.11)
  * guard (1.6.2 > 1.5.4)
  * guard-jasmine (1.13.2 > 1.10.1)
  * guard-rspec (2.5.1 > 2.2.2)
  * guard-spork (1.5.0 > 1.3.0)
  * haml (4.0.0 > 3.1.7)
  * hashie (2.0.2 > 1.2.0)
  * highline (1.6.16 > 1.6.15)
  * hirb (0.7.1 > 0.7.0)
  * hooks (0.2.2 > 0.2.0)
  * i18n (0.6.4 > 0.6.1)
  * jasminerice (0.0.10 > 0.0.9)
  * jquery-rails (2.2.1 > 2.0.2)
  * kaminari (0.14.1 > 0.13.0)
  * launchy (2.2.0 > 2.1.0)
  * libv8 (3.11.8.13 > 3.3.10.4)
  * listen (0.7.3 > 0.6.0)
  * mail (2.5.3 > 2.4.4)
  * multi_json (1.7.0 > 1.5.1)
  * multi_xml (0.5.3 > 0.4.4)
  * multipart-post (1.2.0 > 1.1.5)
  * net-scp (1.1.0 > 1.0.4)
  * net-sftp (2.1.1 > 2.0.5)
  * net-ssh (2.6.6 > 2.6.1)
  * net-ssh-gateway (1.2.0 > 1.1.0)
  * newrelic_rpm (3.5.8.72 > 3.5.0)
  * nokogiri (1.5.6 > 1.5.5)
  * oauth (0.4.7 > 0.4.6)
  * orm_adapter (0.4.0 > 0.0.7)
  * paperclip (3.4.1 > 3.3.0)
  * parallel_tests (0.10.1 > 0.10.0)
  * passenger (3.0.19 > 3.0.12)
  * poltergeist (1.1.0 > 1.0.2)
  * pry (0.9.12 > 0.9.10)
  * rack (1.5.2 > 1.4.5)
  * rack-protection (1.5.0 > 1.2.0)
  * rb-fsevent (0.9.3 > 0.9.2)
  * rb-inotify (0.9.0 > 0.8.8)
  * rdoc (4.0.0 > 3.12.1)
  * redis (3.0.3 > 3.0.2)
  * representable (1.3.5 > 1.2.3)
  * roar (0.11.12 > 0.11.2)
  * roar-rails (0.0.11 > 0.0.10)
  * rspec (2.13.0 > 2.12.0)
  * rspec-core (2.13.1 > 2.12.0)
  * rspec-expectations (2.13.0 > 2.12.0)
  * rspec-mocks (2.13.0 > 2.12.0)
  * rspec-rails (2.13.0 > 2.12.0)
  * rvm-capistrano (1.2.7 > 1.2.5)
  * sass (3.2.7 > 3.1.20)
  * sass-rails (3.2.6 > 3.2.5)
  * selenium-webdriver (2.31.0 > 2.26.0)
  * sidekiq (2.8.0 > 2.3.3)
  * simple_oauth (0.2.0 > 0.1.9)
  * simpleconfig (2.0.0 > 1.1.3)
  * sinatra (1.4.1 > 1.3.3)
  * slim (1.3.6 > 1.3.0)
  * slop (3.4.4 > 3.3.3)
  * sprockets (2.9.0 > 2.2.2)
  * temple (0.6.2 > 0.4.1)
  * therubyracer (0.11.4 > 0.10.2)
  * thin (1.5.0 > 1.4.1)
  * tilt (1.3.6 > 1.3.3)
  * timecop (0.6.1 > 0.5.7)
  * timers (1.1.0 > 1.0.1)
  * tinder (1.9.2 > 1.9.1)
  * tire (0.5.5 > 0.5.4)
  * typhoeus (0.6.2 > 0.4.2)
  * tzinfo (0.3.37 > 0.3.35)
  * uglifier (1.3.0 > 1.2.4)
  * warden (1.2.1 > 1.1.1)
  * websocket (1.0.7 > 1.0.4)
  * whenever (0.8.2 > 0.8.0)
  * xpath (1.0.0 > 0.1.4)
